<?xml version="1.0" encoding="UTF-8"?>
<testsuite name="admin.web.IndexControllerTest" tests="1" skipped="0" failures="0" errors="0" timestamp="2020-08-11T14:28:57" hostname="LAPTOP-D2Q7K7BI" time="0.178">
  <properties/>
  <testcase name="메인페이지_로딩" classname="admin.web.IndexControllerTest" time="0.178"/>
  <system-out><![CDATA[2020-08-11 23:28:57.010  INFO 12608 --- [    Test worker] .b.t.c.SpringBootTestContextBootstrapper : Neither @ContextConfiguration nor @ContextHierarchy found for test class [admin.web.IndexControllerTest], using SpringBootContextLoader
2020-08-11 23:28:57.011  INFO 12608 --- [    Test worker] o.s.t.c.support.AbstractContextLoader    : Could not detect default resource locations for test class [admin.web.IndexControllerTest]: no resource found for suffixes {-context.xml, Context.groovy}.
2020-08-11 23:28:57.011  INFO 12608 --- [    Test worker] t.c.s.AnnotationConfigContextLoaderUtils : Could not detect default configuration classes for test class [admin.web.IndexControllerTest]: IndexControllerTest does not declare any static, non-private, non-final, nested classes annotated with @Configuration.
2020-08-11 23:28:57.012  INFO 12608 --- [    Test worker] .b.t.c.SpringBootTestContextBootstrapper : Found @SpringBootConfiguration admin.Application for test class admin.web.IndexControllerTest
2020-08-11 23:28:57.014  INFO 12608 --- [    Test worker] .b.t.c.SpringBootTestContextBootstrapper : Loaded default TestExecutionListener class names from location [META-INF/spring.factories]: [org.springframework.security.test.context.support.WithSecurityContextTestExecutionListener, org.springframework.security.test.context.support.ReactorContextTestExecutionListener, org.springframework.boot.test.autoconfigure.restdocs.RestDocsTestExecutionListener, org.springframework.boot.test.autoconfigure.web.client.MockRestServiceServerResetTestExecutionListener, org.springframework.boot.test.autoconfigure.web.servlet.MockMvcPrintOnlyOnFailureTestExecutionListener, org.springframework.boot.test.autoconfigure.web.servlet.WebDriverTestExecutionListener, org.springframework.boot.test.mock.mockito.MockitoTestExecutionListener, org.springframework.boot.test.mock.mockito.ResetMocksTestExecutionListener, org.springframework.test.context.web.ServletTestExecutionListener, org.springframework.test.context.support.DirtiesContextBeforeModesTestExecutionListener, org.springframework.test.context.support.DependencyInjectionTestExecutionListener, org.springframework.test.context.support.DirtiesContextTestExecutionListener, org.springframework.test.context.transaction.TransactionalTestExecutionListener, org.springframework.test.context.jdbc.SqlScriptsTestExecutionListener]
2020-08-11 23:28:57.015  INFO 12608 --- [    Test worker] .b.t.c.SpringBootTestContextBootstrapper : Using TestExecutionListeners: [org.springframework.test.context.web.ServletTestExecutionListener@2bfd45b4, org.springframework.test.context.support.DirtiesContextBeforeModesTestExecutionListener@7113b2c6, org.springframework.boot.test.mock.mockito.MockitoTestExecutionListener@5ba5ca9e, org.springframework.boot.test.autoconfigure.SpringBootDependencyInjectionTestExecutionListener@6ffdf1a8, org.springframework.test.context.support.DirtiesContextTestExecutionListener@2eecc906, org.springframework.test.context.transaction.TransactionalTestExecutionListener@4285db9f, org.springframework.test.context.jdbc.SqlScriptsTestExecutionListener@3781186b, org.springframework.security.test.context.support.WithSecurityContextTestExecutionListener@3771cf82, org.springframework.security.test.context.support.ReactorContextTestExecutionListener@7f1d9493, org.springframework.boot.test.autoconfigure.restdocs.RestDocsTestExecutionListener@1328f1cc, org.springframework.boot.test.autoconfigure.web.client.MockRestServiceServerResetTestExecutionListener@2cd5e182, org.springframework.boot.test.autoconfigure.web.servlet.MockMvcPrintOnlyOnFailureTestExecutionListener@15613645, org.springframework.boot.test.autoconfigure.web.servlet.WebDriverTestExecutionListener@6cb9176, org.springframework.boot.test.mock.mockito.ResetMocksTestExecutionListener@52b9b6f2]
2020-08-11 23:28:57.098  INFO 12608 --- [o-auto-1-exec-1] o.a.c.c.C.[Tomcat].[localhost].[/]       : Initializing Spring DispatcherServlet 'dispatcherServlet'
2020-08-11 23:28:57.098  INFO 12608 --- [o-auto-1-exec-1] o.s.web.servlet.DispatcherServlet        : Initializing Servlet 'dispatcherServlet'
2020-08-11 23:28:57.101  INFO 12608 --- [o-auto-1-exec-1] o.s.web.servlet.DispatcherServlet        : Completed initialization in 3 ms
Hibernate: select posts0_.id as id1_0_, posts0_.created_date as created_2_0_, posts0_.modified_date as modified3_0_, posts0_.author as author4_0_, posts0_.content as content5_0_, posts0_.title as title6_0_ from posts posts0_ order by posts0_.id DESC
]]></system-out>
  <system-err><![CDATA[]]></system-err>
</testsuite>
